<?xml version="1.0" encoding="UTF-8"?>
<coverage generated="1652360719814" clover="3.2.0">
  <project timestamp="1652360719814" name="All files">
    <metrics statements="56" coveredstatements="55" conditionals="10" coveredconditionals="9" methods="12" coveredmethods="12" elements="78" coveredelements="76" complexity="0" loc="56" ncloc="56" packages="2" files="3" classes="3"/>
    <package name="src">
      <metrics statements="2" coveredstatements="2" conditionals="0" coveredconditionals="0" methods="1" coveredmethods="1"/>
      <file name="init.js" path="/home/artem/Kate/frontend-project-lvl3/src/init.js">
        <metrics statements="2" coveredstatements="2" conditionals="0" coveredconditionals="0" methods="1" coveredmethods="1"/>
        <line num="4" count="2" type="stmt"/>
        <line num="14" count="2" type="stmt"/>
      </file>
    </package>
    <package name="src.rssForm">
      <metrics statements="54" coveredstatements="53" conditionals="10" coveredconditionals="9" methods="11" coveredmethods="11"/>
      <file name="rssForm.js" path="/home/artem/Kate/frontend-project-lvl3/src/rssForm/rssForm.js">
        <metrics statements="24" coveredstatements="24" conditionals="0" coveredconditionals="0" methods="7" coveredmethods="7"/>
        <line num="4" count="4" type="stmt"/>
        <line num="9" count="4" type="stmt"/>
        <line num="12" count="2" type="stmt"/>
        <line num="13" count="2" type="stmt"/>
        <line num="14" count="2" type="stmt"/>
        <line num="15" count="2" type="stmt"/>
        <line num="16" count="2" type="stmt"/>
        <line num="23" count="2" type="stmt"/>
        <line num="25" count="2" type="stmt"/>
        <line num="26" count="3" type="stmt"/>
        <line num="27" count="3" type="stmt"/>
        <line num="30" count="2" type="stmt"/>
        <line num="31" count="4" type="stmt"/>
        <line num="32" count="4" type="stmt"/>
        <line num="33" count="4" type="stmt"/>
        <line num="35" count="1" type="stmt"/>
        <line num="36" count="1" type="stmt"/>
        <line num="37" count="1" type="stmt"/>
        <line num="38" count="1" type="stmt"/>
        <line num="41" count="3" type="stmt"/>
        <line num="42" count="3" type="stmt"/>
        <line num="43" count="3" type="stmt"/>
        <line num="47" count="2" type="stmt"/>
        <line num="48" count="2" type="stmt"/>
      </file>
      <file name="rssFormView.js" path="/home/artem/Kate/frontend-project-lvl3/src/rssForm/rssFormView.js">
        <metrics statements="30" coveredstatements="29" conditionals="10" coveredconditionals="9" methods="4" coveredmethods="4"/>
        <line num="3" count="1" type="stmt"/>
        <line num="4" count="11" type="stmt"/>
        <line num="5" count="11" type="cond" truecount="4" falsecount="1"/>
        <line num="7" count="3" type="stmt"/>
        <line num="9" count="4" type="stmt"/>
        <line num="10" count="4" type="stmt"/>
        <line num="12" count="1" type="stmt"/>
        <line num="13" count="1" type="stmt"/>
        <line num="14" count="1" type="stmt"/>
        <line num="15" count="1" type="stmt"/>
        <line num="16" count="1" type="stmt"/>
        <line num="18" count="3" type="stmt"/>
        <line num="19" count="3" type="stmt"/>
        <line num="20" count="3" type="stmt"/>
        <line num="22" count="0" type="stmt"/>
        <line num="26" count="1" type="stmt"/>
        <line num="27" count="3" type="stmt"/>
        <line num="28" count="3" type="cond" truecount="2" falsecount="0"/>
        <line num="29" count="1" type="stmt"/>
        <line num="30" count="1" type="stmt"/>
        <line num="32" count="2" type="stmt"/>
        <line num="33" count="2" type="stmt"/>
        <line num="37" count="1" type="stmt"/>
        <line num="38" count="2" type="stmt"/>
        <line num="39" count="20" type="cond" truecount="3" falsecount="0"/>
        <line num="41" count="11" type="stmt"/>
        <line num="42" count="11" type="stmt"/>
        <line num="44" count="3" type="stmt"/>
        <line num="45" count="3" type="stmt"/>
        <line num="46" count="6" type="stmt"/>
      </file>
    </package>
  </project>
</coverage>
