{"/home/artem/Kate/frontend-project-lvl3/src/init.js": {"path":"/home/artem/Kate/frontend-project-lvl3/src/init.js","statementMap":{"0":{"start":{"line":4,"column":16},"end":{"line":12,"column":3}},"1":{"start":{"line":14,"column":2},"end":{"line":14,"column":17}}},"fnMap":{"0":{"name":"(anonymous_0)","decl":{"start":{"line":3,"column":15},"end":{"line":3,"column":16}},"loc":{"start":{"line":3,"column":21},"end":{"line":15,"column":1}},"line":3}},"branchMap":{},"s":{"0":2,"1":2},"f":{"0":2},"b":{},"inputSourceMap":null,"_coverageSchema":"1a1c01bbd47fc00a2c39e90264f33305004495a9","hash":"06bb27efbc540020b63d3bf7829b2f7c92d3981c"}
,"/home/artem/Kate/frontend-project-lvl3/src/rssForm/rssForm.js": {"path":"/home/artem/Kate/frontend-project-lvl3/src/rssForm/rssForm.js","statementMap":{"0":{"start":{"line":4,"column":24},"end":{"line":7,"column":36}},"1":{"start":{"line":4,"column":33},"end":{"line":7,"column":36}},"2":{"start":{"line":9,"column":17},"end":{"line":9,"column":58}},"3":{"start":{"line":9,"column":36},"end":{"line":9,"column":58}},"4":{"start":{"line":12,"column":19},"end":{"line":12,"column":55}},"5":{"start":{"line":13,"column":19},"end":{"line":13,"column":54}},"6":{"start":{"line":14,"column":15},"end":{"line":14,"column":50}},"7":{"start":{"line":15,"column":20},"end":{"line":15,"column":57}},"8":{"start":{"line":16,"column":19},"end":{"line":21,"column":3}},"9":{"start":{"line":23,"column":27},"end":{"line":23,"column":64}},"10":{"start":{"line":25,"column":2},"end":{"line":28,"column":5}},"11":{"start":{"line":26,"column":4},"end":{"line":26,"column":46}},"12":{"start":{"line":27,"column":4},"end":{"line":27,"column":45}},"13":{"start":{"line":30,"column":2},"end":{"line":45,"column":5}},"14":{"start":{"line":31,"column":4},"end":{"line":31,"column":23}},"15":{"start":{"line":32,"column":4},"end":{"line":32,"column":46}},"16":{"start":{"line":33,"column":4},"end":{"line":44,"column":9}},"17":{"start":{"line":35,"column":8},"end":{"line":35,"column":37}},"18":{"start":{"line":36,"column":8},"end":{"line":36,"column":37}},"19":{"start":{"line":37,"column":8},"end":{"line":37,"column":40}},"20":{"start":{"line":38,"column":8},"end":{"line":38,"column":50}},"21":{"start":{"line":41,"column":8},"end":{"line":41,"column":46}},"22":{"start":{"line":42,"column":8},"end":{"line":42,"column":41}},"23":{"start":{"line":43,"column":8},"end":{"line":43,"column":49}},"24":{"start":{"line":47,"column":2},"end":{"line":47,"column":22}},"25":{"start":{"line":48,"column":2},"end":{"line":48,"column":19}}},"fnMap":{"0":{"name":"(anonymous_0)","decl":{"start":{"line":4,"column":24},"end":{"line":4,"column":25}},"loc":{"start":{"line":4,"column":33},"end":{"line":7,"column":36}},"line":4},"1":{"name":"(anonymous_1)","decl":{"start":{"line":9,"column":17},"end":{"line":9,"column":18}},"loc":{"start":{"line":9,"column":36},"end":{"line":9,"column":58}},"line":9},"2":{"name":"(anonymous_2)","decl":{"start":{"line":11,"column":15},"end":{"line":11,"column":16}},"loc":{"start":{"line":11,"column":41},"end":{"line":49,"column":1}},"line":11},"3":{"name":"(anonymous_3)","decl":{"start":{"line":25,"column":38},"end":{"line":25,"column":39}},"loc":{"start":{"line":25,"column":45},"end":{"line":28,"column":3}},"line":25},"4":{"name":"(anonymous_4)","decl":{"start":{"line":30,"column":34},"end":{"line":30,"column":35}},"loc":{"start":{"line":30,"column":41},"end":{"line":45,"column":3}},"line":30},"5":{"name":"(anonymous_5)","decl":{"start":{"line":34,"column":12},"end":{"line":34,"column":13}},"loc":{"start":{"line":34,"column":18},"end":{"line":39,"column":7}},"line":34},"6":{"name":"(anonymous_6)","decl":{"start":{"line":40,"column":13},"end":{"line":40,"column":14}},"loc":{"start":{"line":40,"column":23},"end":{"line":44,"column":7}},"line":40}},"branchMap":{},"s":{"0":1,"1":4,"2":1,"3":4,"4":2,"5":2,"6":2,"7":2,"8":2,"9":2,"10":2,"11":3,"12":3,"13":2,"14":4,"15":4,"16":4,"17":1,"18":1,"19":1,"20":1,"21":3,"22":3,"23":3,"24":2,"25":2},"f":{"0":4,"1":4,"2":2,"3":3,"4":4,"5":1,"6":3},"b":{},"inputSourceMap":null,"_coverageSchema":"1a1c01bbd47fc00a2c39e90264f33305004495a9","hash":"e147f4515a8bd93e1f31e8414dee2c6acaf9bb52"}
,"/home/artem/Kate/frontend-project-lvl3/src/rssForm/rssFormView.js": {"path":"/home/artem/Kate/frontend-project-lvl3/src/rssForm/rssFormView.js","statementMap":{"0":{"start":{"line":3,"column":22},"end":{"line":24,"column":1}},"1":{"start":{"line":4,"column":44},"end":{"line":4,"column":52}},"2":{"start":{"line":5,"column":2},"end":{"line":23,"column":3}},"3":{"start":{"line":7,"column":6},"end":{"line":7,"column":12}},"4":{"start":{"line":9,"column":6},"end":{"line":9,"column":32}},"5":{"start":{"line":10,"column":6},"end":{"line":10,"column":12}},"6":{"start":{"line":12,"column":6},"end":{"line":12,"column":33}},"7":{"start":{"line":13,"column":6},"end":{"line":13,"column":52}},"8":{"start":{"line":14,"column":6},"end":{"line":14,"column":26}},"9":{"start":{"line":15,"column":6},"end":{"line":15,"column":23}},"10":{"start":{"line":16,"column":6},"end":{"line":16,"column":12}},"11":{"start":{"line":18,"column":6},"end":{"line":18,"column":33}},"12":{"start":{"line":19,"column":6},"end":{"line":19,"column":36}},"13":{"start":{"line":20,"column":6},"end":{"line":20,"column":12}},"14":{"start":{"line":22,"column":6},"end":{"line":22,"column":50}},"15":{"start":{"line":26,"column":22},"end":{"line":35,"column":1}},"16":{"start":{"line":27,"column":33},"end":{"line":27,"column":41}},"17":{"start":{"line":28,"column":2},"end":{"line":34,"column":3}},"18":{"start":{"line":29,"column":4},"end":{"line":29,"column":71}},"19":{"start":{"line":30,"column":4},"end":{"line":30,"column":45}},"20":{"start":{"line":32,"column":4},"end":{"line":32,"column":68}},"21":{"start":{"line":33,"column":4},"end":{"line":33,"column":42}},"22":{"start":{"line":37,"column":25},"end":{"line":49,"column":1}},"23":{"start":{"line":38,"column":2},"end":{"line":48,"column":4}},"24":{"start":{"line":39,"column":4},"end":{"line":47,"column":5}},"25":{"start":{"line":41,"column":8},"end":{"line":41,"column":57}},"26":{"start":{"line":42,"column":8},"end":{"line":42,"column":14}},"27":{"start":{"line":44,"column":8},"end":{"line":44,"column":39}},"28":{"start":{"line":45,"column":8},"end":{"line":45,"column":14}},"29":{"start":{"line":46,"column":15},"end":{"line":46,"column":21}}},"fnMap":{"0":{"name":"(anonymous_0)","decl":{"start":{"line":3,"column":22},"end":{"line":3,"column":23}},"loc":{"start":{"line":3,"column":58},"end":{"line":24,"column":1}},"line":3},"1":{"name":"(anonymous_1)","decl":{"start":{"line":26,"column":22},"end":{"line":26,"column":23}},"loc":{"start":{"line":26,"column":45},"end":{"line":35,"column":1}},"line":26},"2":{"name":"(anonymous_2)","decl":{"start":{"line":37,"column":25},"end":{"line":37,"column":26}},"loc":{"start":{"line":38,"column":2},"end":{"line":48,"column":4}},"line":38},"3":{"name":"(anonymous_3)","decl":{"start":{"line":38,"column":22},"end":{"line":38,"column":23}},"loc":{"start":{"line":38,"column":39},"end":{"line":48,"column":3}},"line":38}},"branchMap":{"0":{"loc":{"start":{"line":5,"column":2},"end":{"line":23,"column":3}},"type":"switch","locations":[{"start":{"line":6,"column":4},"end":{"line":7,"column":12}},{"start":{"line":8,"column":4},"end":{"line":10,"column":12}},{"start":{"line":11,"column":4},"end":{"line":16,"column":12}},{"start":{"line":17,"column":4},"end":{"line":20,"column":12}},{"start":{"line":21,"column":4},"end":{"line":22,"column":50}}],"line":5},"1":{"loc":{"start":{"line":28,"column":2},"end":{"line":34,"column":3}},"type":"if","locations":[{"start":{"line":28,"column":2},"end":{"line":34,"column":3}},{"start":{"line":31,"column":9},"end":{"line":34,"column":3}}],"line":28},"2":{"loc":{"start":{"line":39,"column":4},"end":{"line":47,"column":5}},"type":"switch","locations":[{"start":{"line":40,"column":6},"end":{"line":42,"column":14}},{"start":{"line":43,"column":6},"end":{"line":45,"column":14}},{"start":{"line":46,"column":6},"end":{"line":46,"column":21}}],"line":39}},"s":{"0":1,"1":11,"2":11,"3":3,"4":4,"5":4,"6":1,"7":1,"8":1,"9":1,"10":1,"11":3,"12":3,"13":3,"14":0,"15":1,"16":3,"17":3,"18":1,"19":1,"20":2,"21":2,"22":1,"23":2,"24":20,"25":11,"26":11,"27":3,"28":3,"29":6},"f":{"0":11,"1":3,"2":2,"3":20},"b":{"0":[3,4,1,3,0],"1":[1,2],"2":[11,3,6]},"inputSourceMap":null,"_coverageSchema":"1a1c01bbd47fc00a2c39e90264f33305004495a9","hash":"4d973e08db310966dbd2d16e427481811a11f983"}
}
