TN:
SF:src/init.js
FN:3,(anonymous_0)
FNF:1
FNH:1
FNDA:2,(anonymous_0)
DA:4,2
DA:14,2
LF:2
LH:2
BRF:0
BRH:0
end_of_record
TN:
SF:src/rssForm/rssForm.js
FN:4,(anonymous_0)
FN:9,(anonymous_1)
FN:11,(anonymous_2)
FN:25,(anonymous_3)
FN:30,(anonymous_4)
FN:34,(anonymous_5)
FN:40,(anonymous_6)
FNF:7
FNH:7
FNDA:4,(anonymous_0)
FNDA:4,(anonymous_1)
FNDA:2,(anonymous_2)
FNDA:3,(anonymous_3)
FNDA:4,(anonymous_4)
FNDA:1,(anonymous_5)
FNDA:3,(anonymous_6)
DA:4,4
DA:9,4
DA:12,2
DA:13,2
DA:14,2
DA:15,2
DA:16,2
DA:23,2
DA:25,2
DA:26,3
DA:27,3
DA:30,2
DA:31,4
DA:32,4
DA:33,4
DA:35,1
DA:36,1
DA:37,1
DA:38,1
DA:41,3
DA:42,3
DA:43,3
DA:47,2
DA:48,2
LF:24
LH:24
BRF:0
BRH:0
end_of_record
TN:
SF:src/rssForm/rssFormView.js
FN:3,(anonymous_0)
FN:26,(anonymous_1)
FN:37,(anonymous_2)
FN:38,(anonymous_3)
FNF:4
FNH:4
FNDA:11,(anonymous_0)
FNDA:3,(anonymous_1)
FNDA:2,(anonymous_2)
FNDA:20,(anonymous_3)
DA:3,1
DA:4,11
DA:5,11
DA:7,3
DA:9,4
DA:10,4
DA:12,1
DA:13,1
DA:14,1
DA:15,1
DA:16,1
DA:18,3
DA:19,3
DA:20,3
DA:22,0
DA:26,1
DA:27,3
DA:28,3
DA:29,1
DA:30,1
DA:32,2
DA:33,2
DA:37,1
DA:38,2
DA:39,20
DA:41,11
DA:42,11
DA:44,3
DA:45,3
DA:46,6
LF:30
LH:29
BRDA:5,0,0,3
BRDA:5,0,1,4
BRDA:5,0,2,1
BRDA:5,0,3,3
BRDA:5,0,4,0
BRDA:28,1,0,1
BRDA:28,1,1,2
BRDA:39,2,0,11
BRDA:39,2,1,3
BRDA:39,2,2,6
BRF:10
BRH:9
end_of_record
